<?xml version="1.0" encoding="UTF-8"?>
<testng-results ignored="0" total="1" passed="1" failed="0" skipped="0">
  <reporter-output>
  </reporter-output>
  <suite started-at="2023-10-14T20:57:42 BDT" name="Default suite" finished-at="2023-10-14T20:57:43 BDT" duration-ms="128">
    <groups>
    </groups>
    <test started-at="2023-10-14T20:57:42 BDT" name="Default test" finished-at="2023-10-14T20:57:43 BDT" duration-ms="128">
      <class name="testNG.Registration">
        <test-method signature="f()[pri:0, instance:testNG.Registration@4d5650ae]" started-at="2023-10-14T20:57:43 BDT" name="f" finished-at="2023-10-14T20:57:43 BDT" duration-ms="21" status="PASS">
          <reporter-output>
          </reporter-output>
        </test-method> <!-- f -->
      </class> <!-- testNG.Registration -->
    </test> <!-- Default test -->
  </suite> <!-- Default suite -->
</testng-results>
