<?xml version="1.0" encoding="UTF-8"?>
<testng-results ignored="0" total="1" passed="1" failed="0" skipped="0">
  <reporter-output>
  </reporter-output>
  <suite started-at="2023-10-16T21:27:49 BDT" name="Suite" finished-at="2023-10-16T21:28:00 BDT" duration-ms="10719">
    <groups>
    </groups>
    <test started-at="2023-10-16T21:27:49 BDT" name="Test" finished-at="2023-10-16T21:28:00 BDT" duration-ms="10719">
      <class name="testNG.Registration">
        <test-method is-config="true" signature="beforeClass()[pri:0, instance:testNG.Registration@2794eab6]" started-at="2023-10-16T21:27:49 BDT" name="beforeClass" finished-at="2023-10-16T21:27:56 BDT" duration-ms="7231" status="PASS">
          <reporter-output>
          </reporter-output>
        </test-method> <!-- beforeClass -->
        <test-method signature="f()[pri:0, instance:testNG.Registration@2794eab6]" started-at="2023-10-16T21:27:56 BDT" name="f" finished-at="2023-10-16T21:27:59 BDT" duration-ms="2981" status="PASS">
          <reporter-output>
          </reporter-output>
        </test-method> <!-- f -->
        <test-method is-config="true" signature="afterMethod()[pri:0, instance:testNG.Registration@2794eab6]" started-at="2023-10-16T21:27:59 BDT" name="afterMethod" finished-at="2023-10-16T21:28:00 BDT" duration-ms="372" status="PASS">
          <reporter-output>
          </reporter-output>
        </test-method> <!-- afterMethod -->
        <test-method is-config="true" signature="afterClass()[pri:0, instance:testNG.Registration@2794eab6]" started-at="2023-10-16T21:28:00 BDT" name="afterClass" finished-at="2023-10-16T21:28:00 BDT" duration-ms="1" status="PASS">
          <reporter-output>
          </reporter-output>
        </test-method> <!-- afterClass -->
      </class> <!-- testNG.Registration -->
    </test> <!-- Test -->
  </suite> <!-- Suite -->
</testng-results>
